{
  message: 'test1',
  level: 'info',
  label: 'right meow!',
  timestamp: '2023-01-10T07:12:05.908Z'
}
{
  level: 'info',
  message: 'What time is the testing at?',
  label: 'right meow!',
  timestamp: '2023-01-15T04:22:45.037Z'
}
{
  message: 'test1',
  level: 'debug',
  label: 'right meow!',
  timestamp: '2023-01-15T04:22:45.506Z'
}
{
  level: 'info',
  message: 'What time is the testing at?',
  label: 'right meow!',
  timestamp: '2023-01-15T04:25:34.827Z'
}
{
  message: 'test1',
  level: 'debug',
  label: 'right meow!',
  timestamp: '2023-01-15T04:25:35.100Z'
}
{
  level: 'info',
  message: 'What time is the testing at?',
  label: 'right meow!',
  timestamp: '2023-01-15T04:25:42.109Z'
}
{
  message: 'test1',
  level: 'debug',
  label: 'right meow!',
  timestamp: '2023-01-15T04:25:42.406Z'
}
{
  level: 'info',
  message: 'What time is the testing at?',
  label: 'right meow!',
  timestamp: '2023-01-15T04:25:46.020Z'
}
{
  message: 'test1',
  level: 'debug',
  label: 'right meow!',
  timestamp: '2023-01-15T04:25:46.305Z'
}
{
  level: 'info',
  message: 'What time is the testing at?',
  label: 'right meow!',
  timestamp: '2023-01-15T04:25:52.156Z'
}
{
  message: 'test1',
  level: 'debug',
  label: 'right meow!',
  timestamp: '2023-01-15T04:25:52.450Z'
}
{
  level: 'info',
  message: 'What time is the testing at?',
  label: 'right meow!',
  timestamp: '2023-01-15T04:25:54.850Z'
}
{
  message: 'test1',
  level: 'debug',
  label: 'right meow!',
  timestamp: '2023-01-15T04:25:55.132Z'
}
{
  level: 'info',
  message: 'What time is the testing at?',
  label: 'right meow!',
  timestamp: '2023-01-15T04:25:55.923Z'
}
{
  message: 'test1',
  level: 'debug',
  label: 'right meow!',
  timestamp: '2023-01-15T04:25:56.203Z'
}
{
  level: 'info',
  message: 'What time is the testing at?',
  label: 'right meow!',
  timestamp: '2023-01-15T04:26:12.711Z'
}
{
  message: 'test1',
  level: 'debug',
  label: 'right meow!',
  timestamp: '2023-01-15T04:26:12.979Z'
}
{
  level: 'info',
  message: 'What time is the testing at?',
  label: 'right meow!',
  timestamp: '2023-01-15T04:26:17.878Z'
}
{
  message: 'test1',
  level: 'debug',
  label: 'right meow!',
  timestamp: '2023-01-15T04:26:18.201Z'
}
{
  level: 'info',
  message: 'What time is the testing at?',
  label: 'right meow!',
  timestamp: '2023-01-15T04:26:20.260Z'
}
{
  message: 'test1',
  level: 'debug',
  label: 'right meow!',
  timestamp: '2023-01-15T04:26:20.534Z'
}
{
  level: 'info',
  message: 'What time is the testing at?',
  label: 'right meow!',
  timestamp: '2023-01-15T04:26:22.558Z'
}
{
  message: 'test1',
  level: 'debug',
  label: 'right meow!',
  timestamp: '2023-01-15T04:26:22.846Z'
}
{
  level: 'info',
  message: 'What time is the testing at?',
  label: 'right meow!',
  timestamp: '2023-01-15T04:26:26.104Z'
}
{
  message: 'test1',
  level: 'debug',
  label: 'right meow!',
  timestamp: '2023-01-15T04:26:26.395Z'
}
{
  level: 'info',
  message: 'What time is the testing at?',
  label: 'right meow!',
  timestamp: '2023-01-15T04:26:30.882Z'
}
{
  message: 'test1',
  level: 'debug',
  label: 'right meow!',
  timestamp: '2023-01-15T04:26:31.170Z'
}
{
  level: 'info',
  message: 'What time is the testing at?',
  label: 'right meow!',
  timestamp: '2023-01-15T04:26:40.095Z'
}
{
  message: 'test1',
  level: 'debug',
  label: 'right meow!',
  timestamp: '2023-01-15T04:26:40.405Z'
}
{
  level: 'info',
  message: 'What time is the testing at?',
  label: 'right meow!',
  timestamp: '2023-01-15T04:28:05.211Z'
}
{
  message: 'test1',
  level: 'debug',
  label: 'right meow!',
  timestamp: '2023-01-15T04:28:05.490Z'
}
{
  level: 'info',
  message: 'What time is the testing at?',
  label: 'right meow!',
  timestamp: '2023-01-15T04:28:07.511Z'
}
{
  message: 'test1',
  level: 'debug',
  label: 'right meow!',
  timestamp: '2023-01-15T04:28:07.786Z'
}
{
  level: 'info',
  message: 'What time is the testing at?',
  label: 'right meow!',
  timestamp: '2023-01-15T04:28:09.426Z'
}
{
  message: 'test1',
  level: 'debug',
  label: 'right meow!',
  timestamp: '2023-01-15T04:28:09.713Z'
}
{
  level: 'info',
  message: 'What time is the testing at?',
  label: 'right meow!',
  timestamp: '2023-01-15T04:28:12.836Z'
}
{
  message: 'test1',
  level: 'debug',
  label: 'right meow!',
  timestamp: '2023-01-15T04:28:13.154Z'
}
{
  level: 'info',
  message: 'What time is the testing at?',
  label: 'right meow!',
  timestamp: '2023-01-15T04:28:15.054Z'
}
{
  message: 'test1',
  level: 'debug',
  label: 'right meow!',
  timestamp: '2023-01-15T04:28:15.333Z'
}
{
  level: 'info',
  message: 'What time is the testing at?',
  label: 'right meow!',
  timestamp: '2023-01-15T04:28:17.598Z'
}
{
  message: 'test1',
  level: 'debug',
  label: 'right meow!',
  timestamp: '2023-01-15T04:28:17.885Z'
}
{
  level: 'info',
  message: 'What time is the testing at?',
  label: 'right meow!',
  timestamp: '2023-01-15T04:28:19.772Z'
}
{
  message: 'test1',
  level: 'debug',
  label: 'right meow!',
  timestamp: '2023-01-15T04:28:20.074Z'
}
{
  level: 'info',
  message: 'What time is the testing at?',
  label: 'right meow!',
  timestamp: '2023-01-15T04:28:20.981Z'
}
{
  message: 'test1',
  level: 'debug',
  label: 'right meow!',
  timestamp: '2023-01-15T04:28:21.264Z'
}
{
  level: 'info',
  message: 'What time is the testing at?',
  label: 'right meow!',
  timestamp: '2023-01-15T04:28:23.086Z'
}
{
  message: 'test1',
  level: 'debug',
  label: 'right meow!',
  timestamp: '2023-01-15T04:28:23.385Z'
}
{
  level: 'info',
  message: 'What time is the testing at?',
  label: 'right meow!',
  timestamp: '2023-01-15T04:28:25.555Z'
}
{
  message: 'test1',
  level: 'debug',
  label: 'right meow!',
  timestamp: '2023-01-15T04:28:25.851Z'
}
{
  level: 'info',
  message: 'What time is the testing at?',
  label: 'right meow!',
  timestamp: '2023-01-15T04:28:27.797Z'
}
{
  message: 'test1',
  level: 'debug',
  label: 'right meow!',
  timestamp: '2023-01-15T04:28:28.101Z'
}
{
  level: 'info',
  message: 'What time is the testing at?',
  label: 'right meow!',
  timestamp: '2023-01-15T04:28:52.724Z'
}
{
  message: 'test1',
  level: 'debug',
  label: 'right meow!',
  timestamp: '2023-01-15T04:28:53.016Z'
}
{
  level: 'info',
  message: 'What time is the testing at?',
  label: 'right meow!',
  timestamp: '2023-01-15T04:28:54.264Z'
}
{
  message: 'test1',
  level: 'debug',
  label: 'right meow!',
  timestamp: '2023-01-15T04:28:54.539Z'
}
{
  level: 'info',
  message: 'What time is the testing at?',
  label: 'right meow!',
  timestamp: '2023-01-15T04:28:59.171Z'
}
{
  message: 'test1',
  level: 'debug',
  label: 'right meow!',
  timestamp: '2023-01-15T04:28:59.442Z'
}
{
  level: 'info',
  message: 'What time is the testing at?',
  label: 'right meow!',
  timestamp: '2023-01-15T04:29:01.378Z'
}
{
  message: 'test1',
  level: 'debug',
  label: 'right meow!',
  timestamp: '2023-01-15T04:29:01.663Z'
}
{
  level: 'info',
  message: 'What time is the testing at?',
  label: 'right meow!',
  timestamp: '2023-01-15T04:29:06.009Z'
}
{
  message: 'test1',
  level: 'debug',
  label: 'right meow!',
  timestamp: '2023-01-15T04:29:06.317Z'
}
{
  level: 'info',
  message: 'What time is the testing at?',
  label: 'right meow!',
  timestamp: '2023-01-15T04:29:08.624Z'
}
{
  message: 'test1',
  level: 'debug',
  label: 'right meow!',
  timestamp: '2023-01-15T04:29:08.900Z'
}
{
  level: 'info',
  message: 'What time is the testing at?',
  label: 'right meow!',
  timestamp: '2023-01-15T04:29:10.507Z'
}
{
  message: 'test1',
  level: 'debug',
  label: 'right meow!',
  timestamp: '2023-01-15T04:29:10.789Z'
}
{
  level: 'info',
  message: 'What time is the testing at?',
  label: 'right meow!',
  timestamp: '2023-01-15T04:29:18.121Z'
}
{
  message: 'test1',
  level: 'debug',
  label: 'right meow!',
  timestamp: '2023-01-15T04:29:18.397Z'
}
{
  level: 'info',
  message: 'What time is the testing at?',
  label: 'right meow!',
  timestamp: '2023-01-15T04:29:20.911Z'
}
{
  message: 'test1',
  level: 'debug',
  label: 'right meow!',
  timestamp: '2023-01-15T04:29:21.200Z'
}
{
  level: 'info',
  message: 'What time is the testing at?',
  label: 'right meow!',
  timestamp: '2023-01-15T04:30:57.798Z'
}
{
  message: 'test1',
  level: 'debug',
  label: 'right meow!',
  timestamp: '2023-01-15T04:30:58.085Z'
}
{
  level: 'info',
  message: 'What time is the testing at?',
  label: 'right meow!',
  timestamp: '2023-01-15T04:31:03.191Z'
}
{
  message: 'test1',
  level: 'debug',
  label: 'right meow!',
  timestamp: '2023-01-15T04:31:03.518Z'
}
{
  level: 'info',
  message: 'What time is the testing at?',
  label: 'right meow!',
  timestamp: '2023-01-15T04:31:04.574Z'
}
{
  message: 'test1',
  level: 'debug',
  label: 'right meow!',
  timestamp: '2023-01-15T04:31:04.860Z'
}
{
  level: 'info',
  message: 'What time is the testing at?',
  label: 'right meow!',
  timestamp: '2023-01-15T04:31:06.329Z'
}
{
  message: 'test1',
  level: 'debug',
  label: 'right meow!',
  timestamp: '2023-01-15T04:31:06.622Z'
}
{
  level: 'info',
  message: 'What time is the testing at?',
  label: 'right meow!',
  timestamp: '2023-01-15T04:31:07.650Z'
}
{
  message: 'test1',
  level: 'debug',
  label: 'right meow!',
  timestamp: '2023-01-15T04:31:07.934Z'
}
{
  level: 'info',
  message: 'What time is the testing at?',
  label: 'right meow!',
  timestamp: '2023-01-15T04:31:11.981Z'
}
{
  message: 'test1',
  level: 'debug',
  label: 'right meow!',
  timestamp: '2023-01-15T04:31:12.269Z'
}
{
  level: 'info',
  message: 'What time is the testing at?',
  label: 'right meow!',
  timestamp: '2023-01-15T04:31:15.759Z'
}
{
  message: 'test1',
  level: 'debug',
  label: 'right meow!',
  timestamp: '2023-01-15T04:31:16.041Z'
}
{
  level: 'info',
  message: 'What time is the testing at?',
  label: 'right meow!',
  timestamp: '2023-01-15T04:31:18.330Z'
}
{
  message: 'test1',
  level: 'debug',
  label: 'right meow!',
  timestamp: '2023-01-15T04:31:18.641Z'
}
{
  level: 'info',
  message: 'What time is the testing at?',
  label: 'right meow!',
  timestamp: '2023-01-15T04:31:19.879Z'
}
{
  message: 'test1',
  level: 'debug',
  label: 'right meow!',
  timestamp: '2023-01-15T04:31:20.154Z'
}
{
  level: 'info',
  message: 'What time is the testing at?',
  label: 'right meow!',
  timestamp: '2023-01-15T04:31:25.485Z'
}
{
  message: 'test1',
  level: 'debug',
  label: 'right meow!',
  timestamp: '2023-01-15T04:31:25.773Z'
}
{
  level: 'info',
  message: 'What time is the testing at?',
  label: 'right meow!',
  timestamp: '2023-01-15T04:31:32.214Z'
}
{
  message: 'test1',
  level: 'debug',
  label: 'right meow!',
  timestamp: '2023-01-15T04:31:32.492Z'
}
{
  level: 'info',
  message: 'What time is the testing at?',
  label: 'right meow!',
  timestamp: '2023-01-15T04:31:35.967Z'
}
{
  message: 'test1',
  level: 'debug',
  label: 'right meow!',
  timestamp: '2023-01-15T04:31:36.270Z'
}
{
  level: 'info',
  message: 'What time is the testing at?',
  label: 'right meow!',
  timestamp: '2023-01-15T04:31:37.337Z'
}
{
  message: 'test1',
  level: 'debug',
  label: 'right meow!',
  timestamp: '2023-01-15T04:31:37.618Z'
}
{
  level: 'info',
  message: 'What time is the testing at?',
  label: 'right meow!',
  timestamp: '2023-01-15T04:31:39.937Z'
}
{
  message: 'test1',
  level: 'debug',
  label: 'right meow!',
  timestamp: '2023-01-15T04:31:40.216Z'
}
{
  level: 'info',
  message: 'What time is the testing at?',
  label: 'right meow!',
  timestamp: '2023-01-15T04:31:43.669Z'
}
{
  message: 'test1',
  level: 'debug',
  label: 'right meow!',
  timestamp: '2023-01-15T04:31:43.945Z'
}
{
  level: 'info',
  message: 'What time is the testing at?',
  label: 'right meow!',
  timestamp: '2023-01-15T04:31:48.064Z'
}
{
  message: 'test1',
  level: 'debug',
  label: 'right meow!',
  timestamp: '2023-01-15T04:31:48.350Z'
}
{
  level: 'info',
  message: 'What time is the testing at?',
  label: 'right meow!',
  timestamp: '2023-01-15T04:31:49.439Z'
}
{
  message: 'test1',
  level: 'debug',
  label: 'right meow!',
  timestamp: '2023-01-15T04:31:49.720Z'
}
{
  level: 'info',
  message: 'What time is the testing at?',
  label: 'right meow!',
  timestamp: '2023-01-15T04:31:52.943Z'
}
{
  message: 'test1',
  level: 'debug',
  label: 'right meow!',
  timestamp: '2023-01-15T04:31:53.259Z'
}
{
  level: 'info',
  message: 'What time is the testing at?',
  label: 'right meow!',
  timestamp: '2023-01-15T04:31:56.952Z'
}
{
  message: 'test1',
  level: 'debug',
  label: 'right meow!',
  timestamp: '2023-01-15T04:31:57.229Z'
}
{
  level: 'info',
  message: 'What time is the testing at?',
  label: 'right meow!',
  timestamp: '2023-01-15T04:31:58.756Z'
}
{
  message: 'test1',
  level: 'debug',
  label: 'right meow!',
  timestamp: '2023-01-15T04:31:59.037Z'
}
{
  level: 'info',
  message: 'What time is the testing at?',
  label: 'right meow!',
  timestamp: '2023-01-15T04:32:00.653Z'
}
{
  message: 'test1',
  level: 'debug',
  label: 'right meow!',
  timestamp: '2023-01-15T04:32:00.934Z'
}
{
  level: 'info',
  message: 'What time is the testing at?',
  label: 'right meow!',
  timestamp: '2023-01-15T04:32:14.046Z'
}
{
  message: 'test1',
  level: 'debug',
  label: 'right meow!',
  timestamp: '2023-01-15T04:32:14.367Z'
}
{
  level: 'info',
  message: 'What time is the testing at?',
  label: 'right meow!',
  timestamp: '2023-01-15T04:32:19.598Z'
}
{
  message: 'test1',
  level: 'debug',
  label: 'right meow!',
  timestamp: '2023-01-15T04:32:19.901Z'
}
{
  level: 'info',
  message: 'What time is the testing at?',
  label: 'right meow!',
  timestamp: '2023-01-15T04:32:20.948Z'
}
{
  message: 'test1',
  level: 'debug',
  label: 'right meow!',
  timestamp: '2023-01-15T04:32:21.225Z'
}
{
  level: 'info',
  message: 'What time is the testing at?',
  label: 'right meow!',
  timestamp: '2023-01-15T04:32:22.323Z'
}
{
  message: 'test1',
  level: 'debug',
  label: 'right meow!',
  timestamp: '2023-01-15T04:32:22.658Z'
}
{
  level: 'info',
  message: 'What time is the testing at?',
  label: 'right meow!',
  timestamp: '2023-01-15T04:33:53.966Z'
}
{
  message: 'test1',
  level: 'debug',
  label: 'right meow!',
  timestamp: '2023-01-15T04:33:54.239Z'
}
{
  level: 'info',
  message: 'What time is the testing at?',
  label: 'right meow!',
  timestamp: '2023-01-15T04:42:30.159Z'
}
{
  message: 'test1',
  level: 'debug',
  label: 'right meow!',
  timestamp: '2023-01-15T04:42:30.489Z'
}
{
  level: 'info',
  message: 'What time is the testing at?',
  label: 'right meow!',
  timestamp: '2023-01-15T04:42:31.393Z'
}
{
  message: 'test1',
  level: 'debug',
  label: 'right meow!',
  timestamp: '2023-01-15T04:42:31.677Z'
}
{
  level: 'info',
  message: 'What time is the testing at?',
  label: 'right meow!',
  timestamp: '2023-01-15T04:42:56.518Z'
}
{
  message: 'test1',
  level: 'debug',
  label: 'right meow!',
  timestamp: '2023-01-15T04:42:56.797Z'
}
{
  level: 'info',
  message: 'What time is the testing at?',
  label: 'right meow!',
  timestamp: '2023-01-15T04:42:59.743Z'
}
{
  message: 'test1',
  level: 'debug',
  label: 'right meow!',
  timestamp: '2023-01-15T04:43:00.075Z'
}
{
  level: 'info',
  message: 'What time is the testing at?',
  label: 'right meow!',
  timestamp: '2023-01-15T04:43:02.357Z'
}
{
  message: 'test1',
  level: 'debug',
  label: 'right meow!',
  timestamp: '2023-01-15T04:43:02.712Z'
}
{
  level: 'info',
  message: 'What time is the testing at?',
  label: 'right meow!',
  timestamp: '2023-01-15T04:43:13.536Z'
}
{
  message: 'test1',
  level: 'debug',
  label: 'right meow!',
  timestamp: '2023-01-15T04:43:13.883Z'
}
{
  level: 'info',
  message: 'What time is the testing at?',
  label: 'right meow!',
  timestamp: '2023-01-15T04:43:30.807Z'
}
{
  message: 'test1',
  level: 'debug',
  label: 'right meow!',
  timestamp: '2023-01-15T04:43:31.093Z'
}
{
  level: 'info',
  message: 'What time is the testing at?',
  label: 'right meow!',
  timestamp: '2023-01-15T04:43:38.198Z'
}
{
  message: 'test1',
  level: 'debug',
  label: 'right meow!',
  timestamp: '2023-01-15T04:43:38.478Z'
}
{
  level: 'info',
  message: 'What time is the testing at?',
  label: 'right meow!',
  timestamp: '2023-01-15T04:43:43.178Z'
}
{
  message: 'test1',
  level: 'debug',
  label: 'right meow!',
  timestamp: '2023-01-15T04:43:43.521Z'
}
{
  level: 'info',
  message: 'What time is the testing at?',
  label: 'right meow!',
  timestamp: '2023-01-15T04:43:50.463Z'
}
{
  message: 'test1',
  level: 'debug',
  label: 'right meow!',
  timestamp: '2023-01-15T04:43:50.763Z'
}
{
  level: 'info',
  message: 'What time is the testing at?',
  label: 'right meow!',
  timestamp: '2023-01-15T04:43:54.222Z'
}
{
  message: 'test1',
  level: 'debug',
  label: 'right meow!',
  timestamp: '2023-01-15T04:43:54.514Z'
}
{
  level: 'info',
  message: 'What time is the testing at?',
  label: 'right meow!',
  timestamp: '2023-01-15T04:43:55.804Z'
}
{
  message: 'test1',
  level: 'debug',
  label: 'right meow!',
  timestamp: '2023-01-15T04:43:56.108Z'
}
{
  level: 'info',
  message: 'What time is the testing at?',
  label: 'right meow!',
  timestamp: '2023-01-15T04:43:57.924Z'
}
{
  message: 'test1',
  level: 'debug',
  label: 'right meow!',
  timestamp: '2023-01-15T04:43:58.218Z'
}
{
  level: 'info',
  message: 'What time is the testing at?',
  label: 'right meow!',
  timestamp: '2023-01-15T04:44:18.695Z'
}
{
  message: 'test1',
  level: 'debug',
  label: 'right meow!',
  timestamp: '2023-01-15T04:44:19.015Z'
}
{
  level: 'info',
  message: 'What time is the testing at?',
  label: 'right meow!',
  timestamp: '2023-01-15T04:45:11.912Z'
}
{
  message: 'test1',
  level: 'debug',
  label: 'right meow!',
  timestamp: '2023-01-15T04:45:12.186Z'
}
{
  level: 'info',
  message: 'What time is the testing at?',
  label: 'right meow!',
  timestamp: '2023-01-15T04:45:14.236Z'
}
{
  message: 'test1',
  level: 'debug',
  label: 'right meow!',
  timestamp: '2023-01-15T04:45:14.546Z'
}
{
  level: 'info',
  message: 'What time is the testing at?',
  label: 'right meow!',
  timestamp: '2023-01-15T04:45:17.679Z'
}
{
  message: 'test1',
  level: 'debug',
  label: 'right meow!',
  timestamp: '2023-01-15T04:45:17.946Z'
}
{
  level: 'info',
  message: 'What time is the testing at?',
  label: 'right meow!',
  timestamp: '2023-01-15T04:45:19.714Z'
}
{
  message: 'test1',
  level: 'debug',
  label: 'right meow!',
  timestamp: '2023-01-15T04:45:19.984Z'
}
{
  level: 'info',
  message: 'What time is the testing at?',
  label: 'right meow!',
  timestamp: '2023-01-15T04:45:24.911Z'
}
{
  message: 'test1',
  level: 'debug',
  label: 'right meow!',
  timestamp: '2023-01-15T04:45:25.239Z'
}
{
  level: 'info',
  message: 'What time is the testing at?',
  label: 'right meow!',
  timestamp: '2023-01-15T04:45:43.762Z'
}
{
  message: 'test1',
  level: 'debug',
  label: 'right meow!',
  timestamp: '2023-01-15T04:45:44.106Z'
}
{
  level: 'info',
  message: 'What time is the testing at?',
  label: 'right meow!',
  timestamp: '2023-01-22T11:22:10.054Z'
}
{
  message: 'test1',
  level: 'debug',
  label: 'right meow!',
  timestamp: '2023-01-22T11:22:10.442Z'
}
{
  level: 'info',
  message: 'What time is the testing at?',
  label: 'right meow!',
  timestamp: '2023-01-22T11:26:45.965Z'
}
{
  message: 'test1',
  level: 'debug',
  label: 'right meow!',
  timestamp: '2023-01-22T11:26:46.262Z'
}
{
  level: 'info',
  message: 'What time is the testing at?',
  label: 'right meow!',
  timestamp: '2023-01-22T11:26:51.707Z'
}
{
  message: 'test1',
  level: 'debug',
  label: 'right meow!',
  timestamp: '2023-01-22T11:26:51.996Z'
}
{
  level: 'info',
  message: 'What time is the testing at?',
  label: 'right meow!',
  timestamp: '2023-01-22T11:27:04.041Z'
}
{
  message: 'test1',
  level: 'debug',
  label: 'right meow!',
  timestamp: '2023-01-22T11:27:04.346Z'
}
{
  level: 'info',
  message: 'What time is the testing at?',
  label: 'right meow!',
  timestamp: '2023-01-22T11:27:26.911Z'
}
{
  message: 'test1',
  level: 'debug',
  label: 'right meow!',
  timestamp: '2023-01-22T11:27:27.188Z'
}
{
  level: 'info',
  message: 'What time is the testing at?',
  label: 'right meow!',
  timestamp: '2023-01-22T11:27:28.796Z'
}
{
  message: 'test1',
  level: 'debug',
  label: 'right meow!',
  timestamp: '2023-01-22T11:27:29.076Z'
}
{
  level: 'info',
  message: 'What time is the testing at?',
  label: 'right meow!',
  timestamp: '2023-01-22T11:28:04.501Z'
}
{
  message: 'test1',
  level: 'debug',
  label: 'right meow!',
  timestamp: '2023-01-22T11:28:04.836Z'
}
{
  level: 'info',
  message: 'What time is the testing at?',
  label: 'right meow!',
  timestamp: '2023-01-22T11:28:30.446Z'
}
{
  message: 'test1',
  level: 'debug',
  label: 'right meow!',
  timestamp: '2023-01-22T11:28:30.738Z'
}
{
  level: 'info',
  message: 'What time is the testing at?',
  label: 'right meow!',
  timestamp: '2023-01-22T11:28:36.524Z'
}
{
  message: 'test1',
  level: 'debug',
  label: 'right meow!',
  timestamp: '2023-01-22T11:28:36.829Z'
}
{
  level: 'info',
  message: 'What time is the testing at?',
  label: 'right meow!',
  timestamp: '2023-01-22T11:30:36.103Z'
}
{
  message: 'test1',
  level: 'debug',
  label: 'right meow!',
  timestamp: '2023-01-22T11:30:36.448Z'
}
{
  level: 'info',
  message: 'What time is the testing at?',
  label: 'right meow!',
  timestamp: '2023-01-22T11:30:59.605Z'
}
{
  message: 'test1',
  level: 'debug',
  label: 'right meow!',
  timestamp: '2023-01-22T11:30:59.895Z'
}
{
  level: 'info',
  message: 'What time is the testing at?',
  label: 'right meow!',
  timestamp: '2023-01-22T11:31:02.272Z'
}
{
  message: 'test1',
  level: 'debug',
  label: 'right meow!',
  timestamp: '2023-01-22T11:31:02.549Z'
}
{
  level: 'info',
  message: 'What time is the testing at?',
  label: 'right meow!',
  timestamp: '2023-01-22T11:31:04.470Z'
}
{
  message: 'test1',
  level: 'debug',
  label: 'right meow!',
  timestamp: '2023-01-22T11:31:04.752Z'
}
{
  level: 'info',
  message: 'What time is the testing at?',
  label: 'right meow!',
  timestamp: '2023-01-22T11:31:07.569Z'
}
{
  message: 'test1',
  level: 'debug',
  label: 'right meow!',
  timestamp: '2023-01-22T11:31:08.000Z'
}
{
  level: 'info',
  message: 'What time is the testing at?',
  label: 'right meow!',
  timestamp: '2023-01-22T11:31:13.225Z'
}
{
  message: 'test1',
  level: 'debug',
  label: 'right meow!',
  timestamp: '2023-01-22T11:31:13.505Z'
}
{
  level: 'info',
  message: 'What time is the testing at?',
  label: 'right meow!',
  timestamp: '2023-01-22T11:31:14.724Z'
}
{
  message: 'test1',
  level: 'debug',
  label: 'right meow!',
  timestamp: '2023-01-22T11:31:15.045Z'
}
{
  level: 'info',
  message: 'What time is the testing at?',
  label: 'right meow!',
  timestamp: '2023-01-22T11:31:23.494Z'
}
{
  message: 'test1',
  level: 'debug',
  label: 'right meow!',
  timestamp: '2023-01-22T11:31:23.778Z'
}
{
  level: 'info',
  message: 'What time is the testing at?',
  label: 'right meow!',
  timestamp: '2023-01-22T11:31:26.700Z'
}
{
  message: 'test1',
  level: 'debug',
  label: 'right meow!',
  timestamp: '2023-01-22T11:31:26.996Z'
}
{
  level: 'info',
  message: 'What time is the testing at?',
  label: 'right meow!',
  timestamp: '2023-01-22T11:31:28.364Z'
}
{
  message: 'test1',
  level: 'debug',
  label: 'right meow!',
  timestamp: '2023-01-22T11:31:28.662Z'
}
{
  level: 'info',
  message: 'What time is the testing at?',
  label: 'right meow!',
  timestamp: '2023-01-22T11:32:20.621Z'
}
{
  message: 'test1',
  level: 'debug',
  label: 'right meow!',
  timestamp: '2023-01-22T11:32:20.942Z'
}
{
  level: 'info',
  message: 'What time is the testing at?',
  label: 'right meow!',
  timestamp: '2023-01-22T11:32:21.752Z'
}
{
  message: 'test1',
  level: 'debug',
  label: 'right meow!',
  timestamp: '2023-01-22T11:32:22.032Z'
}
{
  level: 'info',
  message: 'What time is the testing at?',
  label: 'right meow!',
  timestamp: '2023-01-22T11:32:25.762Z'
}
{
  message: 'test1',
  level: 'debug',
  label: 'right meow!',
  timestamp: '2023-01-22T11:32:26.045Z'
}
{
  level: 'info',
  message: 'What time is the testing at?',
  label: 'right meow!',
  timestamp: '2023-01-22T11:32:29.187Z'
}
{
  message: 'test1',
  level: 'debug',
  label: 'right meow!',
  timestamp: '2023-01-22T11:32:29.469Z'
}
{
  level: 'info',
  message: 'What time is the testing at?',
  label: 'right meow!',
  timestamp: '2023-01-22T11:32:33.859Z'
}
{
  message: 'test1',
  level: 'debug',
  label: 'right meow!',
  timestamp: '2023-01-22T11:32:34.152Z'
}
{
  level: 'info',
  message: 'What time is the testing at?',
  label: 'right meow!',
  timestamp: '2023-01-22T11:32:37.376Z'
}
{
  message: 'test1',
  level: 'debug',
  label: 'right meow!',
  timestamp: '2023-01-22T11:32:37.683Z'
}
{
  level: 'info',
  message: 'What time is the testing at?',
  label: 'right meow!',
  timestamp: '2023-01-22T11:32:39.063Z'
}
{
  message: 'test1',
  level: 'debug',
  label: 'right meow!',
  timestamp: '2023-01-22T11:32:39.339Z'
}
{
  level: 'info',
  message: 'What time is the testing at?',
  label: 'right meow!',
  timestamp: '2023-01-22T11:32:41.722Z'
}
{
  message: 'test1',
  level: 'debug',
  label: 'right meow!',
  timestamp: '2023-01-22T11:32:42.063Z'
}
{
  level: 'info',
  message: 'What time is the testing at?',
  label: 'right meow!',
  timestamp: '2023-01-22T11:32:45.914Z'
}
{
  message: 'test1',
  level: 'debug',
  label: 'right meow!',
  timestamp: '2023-01-22T11:32:46.207Z'
}
{
  level: 'info',
  message: 'What time is the testing at?',
  label: 'right meow!',
  timestamp: '2023-01-22T11:32:49.677Z'
}
{
  message: 'test1',
  level: 'debug',
  label: 'right meow!',
  timestamp: '2023-01-22T11:32:49.986Z'
}
{
  level: 'info',
  message: 'What time is the testing at?',
  label: 'right meow!',
  timestamp: '2023-01-22T11:32:52.677Z'
}
{
  message: 'test1',
  level: 'debug',
  label: 'right meow!',
  timestamp: '2023-01-22T11:32:52.986Z'
}
{
  level: 'info',
  message: 'What time is the testing at?',
  label: 'right meow!',
  timestamp: '2023-01-22T11:33:20.934Z'
}
{
  message: 'test1',
  level: 'debug',
  label: 'right meow!',
  timestamp: '2023-01-22T11:33:21.209Z'
}
{
  level: 'info',
  message: 'What time is the testing at?',
  label: 'right meow!',
  timestamp: '2023-01-22T11:33:24.096Z'
}
{
  message: 'test1',
  level: 'debug',
  label: 'right meow!',
  timestamp: '2023-01-22T11:33:24.410Z'
}
{
  level: 'info',
  message: 'What time is the testing at?',
  label: 'right meow!',
  timestamp: '2023-01-22T11:33:25.589Z'
}
{
  message: 'test1',
  level: 'debug',
  label: 'right meow!',
  timestamp: '2023-01-22T11:33:25.901Z'
}
{
  level: 'info',
  message: 'What time is the testing at?',
  label: 'right meow!',
  timestamp: '2023-01-22T11:33:41.067Z'
}
{
  message: 'test1',
  level: 'debug',
  label: 'right meow!',
  timestamp: '2023-01-22T11:33:41.350Z'
}
{
  level: 'info',
  message: 'What time is the testing at?',
  label: 'right meow!',
  timestamp: '2023-01-22T11:33:47.104Z'
}
{
  message: 'test1',
  level: 'debug',
  label: 'right meow!',
  timestamp: '2023-01-22T11:33:47.386Z'
}
{
  level: 'info',
  message: 'What time is the testing at?',
  label: 'right meow!',
  timestamp: '2023-01-22T11:33:51.103Z'
}
{
  message: 'test1',
  level: 'debug',
  label: 'right meow!',
  timestamp: '2023-01-22T11:33:51.387Z'
}
{
  level: 'info',
  message: 'What time is the testing at?',
  label: 'right meow!',
  timestamp: '2023-01-22T11:33:55.978Z'
}
{
  message: 'test1',
  level: 'debug',
  label: 'right meow!',
  timestamp: '2023-01-22T11:33:56.291Z'
}
{
  level: 'info',
  message: 'What time is the testing at?',
  label: 'right meow!',
  timestamp: '2023-01-22T11:34:02.601Z'
}
{
  message: 'test1',
  level: 'debug',
  label: 'right meow!',
  timestamp: '2023-01-22T11:34:02.883Z'
}
{
  level: 'info',
  message: 'What time is the testing at?',
  label: 'right meow!',
  timestamp: '2023-01-22T11:34:04.618Z'
}
{
  message: 'test1',
  level: 'debug',
  label: 'right meow!',
  timestamp: '2023-01-22T11:34:04.922Z'
}
{
  level: 'info',
  message: 'What time is the testing at?',
  label: 'right meow!',
  timestamp: '2023-01-22T11:34:11.874Z'
}
{
  message: 'test1',
  level: 'debug',
  label: 'right meow!',
  timestamp: '2023-01-22T11:34:12.165Z'
}
{
  level: 'info',
  message: 'What time is the testing at?',
  label: 'right meow!',
  timestamp: '2023-01-22T11:34:17.056Z'
}
{
  message: 'test1',
  level: 'debug',
  label: 'right meow!',
  timestamp: '2023-01-22T11:34:17.350Z'
}
{
  level: 'info',
  message: 'What time is the testing at?',
  label: 'right meow!',
  timestamp: '2023-01-22T11:34:25.748Z'
}
{
  message: 'test1',
  level: 'debug',
  label: 'right meow!',
  timestamp: '2023-01-22T11:34:26.030Z'
}
{
  level: 'info',
  message: 'What time is the testing at?',
  label: 'right meow!',
  timestamp: '2023-01-22T11:34:29.960Z'
}
{
  message: 'test1',
  level: 'debug',
  label: 'right meow!',
  timestamp: '2023-01-22T11:34:30.239Z'
}
{
  level: 'info',
  message: 'What time is the testing at?',
  label: 'right meow!',
  timestamp: '2023-01-22T11:34:33.938Z'
}
{
  message: 'test1',
  level: 'debug',
  label: 'right meow!',
  timestamp: '2023-01-22T11:34:34.237Z'
}
{
  level: 'info',
  message: 'What time is the testing at?',
  label: 'right meow!',
  timestamp: '2023-01-22T11:34:35.595Z'
}
{
  message: 'test1',
  level: 'debug',
  label: 'right meow!',
  timestamp: '2023-01-22T11:34:35.912Z'
}
{
  level: 'info',
  message: 'What time is the testing at?',
  label: 'right meow!',
  timestamp: '2023-01-22T11:34:37.187Z'
}
{
  message: 'test1',
  level: 'debug',
  label: 'right meow!',
  timestamp: '2023-01-22T11:34:37.474Z'
}
{
  level: 'info',
  message: 'What time is the testing at?',
  label: 'right meow!',
  timestamp: '2023-01-22T11:34:41.135Z'
}
{
  message: 'test1',
  level: 'debug',
  label: 'right meow!',
  timestamp: '2023-01-22T11:34:41.425Z'
}
{
  level: 'info',
  message: 'What time is the testing at?',
  label: 'right meow!',
  timestamp: '2023-01-22T11:35:21.738Z'
}
{
  message: 'test1',
  level: 'debug',
  label: 'right meow!',
  timestamp: '2023-01-22T11:35:22.020Z'
}
{
  level: 'info',
  message: 'What time is the testing at?',
  label: 'right meow!',
  timestamp: '2023-01-22T11:35:23.608Z'
}
{
  message: 'test1',
  level: 'debug',
  label: 'right meow!',
  timestamp: '2023-01-22T11:35:23.900Z'
}
{
  level: 'info',
  message: 'What time is the testing at?',
  label: 'right meow!',
  timestamp: '2023-01-22T11:35:30.370Z'
}
{
  message: 'test1',
  level: 'debug',
  label: 'right meow!',
  timestamp: '2023-01-22T11:35:30.668Z'
}
{
  level: 'info',
  message: 'What time is the testing at?',
  label: 'right meow!',
  timestamp: '2023-01-22T11:35:31.988Z'
}
{
  message: 'test1',
  level: 'debug',
  label: 'right meow!',
  timestamp: '2023-01-22T11:35:32.264Z'
}
{
  level: 'info',
  message: 'What time is the testing at?',
  label: 'right meow!',
  timestamp: '2023-01-22T11:35:33.202Z'
}
{
  message: 'test1',
  level: 'debug',
  label: 'right meow!',
  timestamp: '2023-01-22T11:35:33.492Z'
}
{
  level: 'info',
  message: 'What time is the testing at?',
  label: 'right meow!',
  timestamp: '2023-01-22T11:35:40.160Z'
}
{
  message: 'test1',
  level: 'debug',
  label: 'right meow!',
  timestamp: '2023-01-22T11:35:40.431Z'
}
{
  level: 'info',
  message: 'What time is the testing at?',
  label: 'right meow!',
  timestamp: '2023-01-22T11:35:48.320Z'
}
{
  message: 'test1',
  level: 'debug',
  label: 'right meow!',
  timestamp: '2023-01-22T11:35:48.604Z'
}
{
  level: 'info',
  message: 'What time is the testing at?',
  label: 'right meow!',
  timestamp: '2023-01-22T11:35:53.474Z'
}
{
  message: 'test1',
  level: 'debug',
  label: 'right meow!',
  timestamp: '2023-01-22T11:35:53.777Z'
}
{
  level: 'info',
  message: 'What time is the testing at?',
  label: 'right meow!',
  timestamp: '2023-01-22T11:35:56.638Z'
}
{
  message: 'test1',
  level: 'debug',
  label: 'right meow!',
  timestamp: '2023-01-22T11:35:56.916Z'
}
{
  level: 'info',
  message: 'What time is the testing at?',
  label: 'right meow!',
  timestamp: '2023-01-22T11:36:00.964Z'
}
{
  message: 'test1',
  level: 'debug',
  label: 'right meow!',
  timestamp: '2023-01-22T11:36:01.296Z'
}
{
  level: 'info',
  message: 'What time is the testing at?',
  label: 'right meow!',
  timestamp: '2023-01-22T11:36:12.741Z'
}
{
  message: 'test1',
  level: 'debug',
  label: 'right meow!',
  timestamp: '2023-01-22T11:36:13.030Z'
}
{
  level: 'info',
  message: 'What time is the testing at?',
  label: 'right meow!',
  timestamp: '2023-01-22T11:36:14.239Z'
}
{
  message: 'test1',
  level: 'debug',
  label: 'right meow!',
  timestamp: '2023-01-22T11:36:14.523Z'
}
{
  level: 'info',
  message: 'What time is the testing at?',
  label: 'right meow!',
  timestamp: '2023-01-22T11:36:21.744Z'
}
{
  message: 'test1',
  level: 'debug',
  label: 'right meow!',
  timestamp: '2023-01-22T11:36:22.045Z'
}
{
  level: 'info',
  message: 'What time is the testing at?',
  label: 'right meow!',
  timestamp: '2023-01-22T11:36:26.266Z'
}
{
  message: 'test1',
  level: 'debug',
  label: 'right meow!',
  timestamp: '2023-01-22T11:36:26.628Z'
}
{
  level: 'info',
  message: 'What time is the testing at?',
  label: 'right meow!',
  timestamp: '2023-01-22T11:36:42.766Z'
}
{
  message: 'test1',
  level: 'debug',
  label: 'right meow!',
  timestamp: '2023-01-22T11:36:43.062Z'
}
{
  level: 'info',
  message: 'What time is the testing at?',
  label: 'right meow!',
  timestamp: '2023-01-22T11:36:44.277Z'
}
{
  message: 'test1',
  level: 'debug',
  label: 'right meow!',
  timestamp: '2023-01-22T11:36:44.589Z'
}
{
  level: 'info',
  message: 'What time is the testing at?',
  label: 'right meow!',
  timestamp: '2023-01-22T11:37:30.925Z'
}
{
  message: 'test1',
  level: 'debug',
  label: 'right meow!',
  timestamp: '2023-01-22T11:37:31.208Z'
}
{
  level: 'info',
  message: 'What time is the testing at?',
  label: 'right meow!',
  timestamp: '2023-01-22T11:37:31.991Z'
}
{
  message: 'test1',
  level: 'debug',
  label: 'right meow!',
  timestamp: '2023-01-22T11:37:32.264Z'
}
{
  level: 'info',
  message: 'What time is the testing at?',
  label: 'right meow!',
  timestamp: '2023-01-22T11:37:35.426Z'
}
{
  message: 'test1',
  level: 'debug',
  label: 'right meow!',
  timestamp: '2023-01-22T11:37:35.702Z'
}
{
  level: 'info',
  message: 'What time is the testing at?',
  label: 'right meow!',
  timestamp: '2023-01-22T11:37:37.794Z'
}
{
  message: 'test1',
  level: 'debug',
  label: 'right meow!',
  timestamp: '2023-01-22T11:37:38.067Z'
}
{
  level: 'info',
  message: 'What time is the testing at?',
  label: 'right meow!',
  timestamp: '2023-01-22T11:37:41.678Z'
}
{
  message: 'test1',
  level: 'debug',
  label: 'right meow!',
  timestamp: '2023-01-22T11:37:41.983Z'
}
{
  level: 'info',
  message: 'What time is the testing at?',
  label: 'right meow!',
  timestamp: '2023-01-22T11:37:43.026Z'
}
{
  message: 'test1',
  level: 'debug',
  label: 'right meow!',
  timestamp: '2023-01-22T11:37:43.311Z'
}
{
  level: 'info',
  message: 'What time is the testing at?',
  label: 'right meow!',
  timestamp: '2023-01-22T11:38:23.212Z'
}
{
  message: 'test1',
  level: 'debug',
  label: 'right meow!',
  timestamp: '2023-01-22T11:38:23.530Z'
}
{
  level: 'info',
  message: 'What time is the testing at?',
  label: 'right meow!',
  timestamp: '2023-01-22T11:38:29.777Z'
}
{
  message: 'test1',
  level: 'debug',
  label: 'right meow!',
  timestamp: '2023-01-22T11:38:30.051Z'
}
{
  level: 'info',
  message: 'What time is the testing at?',
  label: 'right meow!',
  timestamp: '2023-01-22T11:38:34.238Z'
}
{
  message: 'test1',
  level: 'debug',
  label: 'right meow!',
  timestamp: '2023-01-22T11:38:34.516Z'
}
{
  level: 'info',
  message: 'What time is the testing at?',
  label: 'right meow!',
  timestamp: '2023-01-22T11:38:57.519Z'
}
{
  message: 'test1',
  level: 'debug',
  label: 'right meow!',
  timestamp: '2023-01-22T11:38:57.798Z'
}
{
  level: 'info',
  message: 'What time is the testing at?',
  label: 'right meow!',
  timestamp: '2023-01-22T11:39:03.330Z'
}
{
  message: 'test1',
  level: 'debug',
  label: 'right meow!',
  timestamp: '2023-01-22T11:39:03.607Z'
}
{
  level: 'info',
  message: 'What time is the testing at?',
  label: 'right meow!',
  timestamp: '2023-01-22T11:39:07.435Z'
}
{
  message: 'test1',
  level: 'debug',
  label: 'right meow!',
  timestamp: '2023-01-22T11:39:07.717Z'
}
{
  level: 'info',
  message: 'What time is the testing at?',
  label: 'right meow!',
  timestamp: '2023-01-22T11:39:11.017Z'
}
{
  message: 'test1',
  level: 'debug',
  label: 'right meow!',
  timestamp: '2023-01-22T11:39:11.301Z'
}
{
  level: 'info',
  message: 'What time is the testing at?',
  label: 'right meow!',
  timestamp: '2023-01-22T11:39:12.369Z'
}
{
  message: 'test1',
  level: 'debug',
  label: 'right meow!',
  timestamp: '2023-01-22T11:39:12.668Z'
}
{
  level: 'info',
  message: 'What time is the testing at?',
  label: 'right meow!',
  timestamp: '2023-01-22T11:39:20.277Z'
}
{
  message: 'test1',
  level: 'debug',
  label: 'right meow!',
  timestamp: '2023-01-22T11:39:20.557Z'
}
{
  level: 'info',
  message: 'What time is the testing at?',
  label: 'right meow!',
  timestamp: '2023-01-22T11:39:22.600Z'
}
{
  message: 'test1',
  level: 'debug',
  label: 'right meow!',
  timestamp: '2023-01-22T11:39:22.892Z'
}
{
  level: 'info',
  message: 'What time is the testing at?',
  label: 'right meow!',
  timestamp: '2023-01-22T11:39:23.978Z'
}
{
  message: 'test1',
  level: 'debug',
  label: 'right meow!',
  timestamp: '2023-01-22T11:39:24.267Z'
}
{
  level: 'info',
  message: 'What time is the testing at?',
  label: 'right meow!',
  timestamp: '2023-01-22T11:39:25.431Z'
}
{
  message: 'test1',
  level: 'debug',
  label: 'right meow!',
  timestamp: '2023-01-22T11:39:25.813Z'
}
{
  level: 'info',
  message: 'What time is the testing at?',
  label: 'right meow!',
  timestamp: '2023-01-22T11:39:32.089Z'
}
{
  message: 'test1',
  level: 'debug',
  label: 'right meow!',
  timestamp: '2023-01-22T11:39:32.408Z'
}
{
  level: 'info',
  message: 'What time is the testing at?',
  label: 'right meow!',
  timestamp: '2023-01-22T11:39:33.787Z'
}
{
  message: 'test1',
  level: 'debug',
  label: 'right meow!',
  timestamp: '2023-01-22T11:39:34.063Z'
}
{
  level: 'info',
  message: 'What time is the testing at?',
  label: 'right meow!',
  timestamp: '2023-01-22T11:39:37.226Z'
}
{
  message: 'test1',
  level: 'debug',
  label: 'right meow!',
  timestamp: '2023-01-22T11:39:37.519Z'
}
{
  level: 'info',
  message: 'What time is the testing at?',
  label: 'right meow!',
  timestamp: '2023-01-22T11:39:38.892Z'
}
{
  message: 'test1',
  level: 'debug',
  label: 'right meow!',
  timestamp: '2023-01-22T11:39:39.224Z'
}
{
  level: 'info',
  message: 'What time is the testing at?',
  label: 'right meow!',
  timestamp: '2023-01-22T11:39:46.482Z'
}
{
  message: 'test1',
  level: 'debug',
  label: 'right meow!',
  timestamp: '2023-01-22T11:39:46.778Z'
}
{
  level: 'info',
  message: 'What time is the testing at?',
  label: 'right meow!',
  timestamp: '2023-01-22T11:39:53.231Z'
}
{
  message: 'test1',
  level: 'debug',
  label: 'right meow!',
  timestamp: '2023-01-22T11:39:53.528Z'
}
{
  message: 'error during POST in test router. test = {"updateat":"2023-1-9 7:22:58","name":"dana","date":"2023-1-9 7:22:58","courseid":78} insert into "test" ("courseid", "date", "name", "updateat") values ($1, $2, $3, $4) returning "id" - duplicate key value violates unique constraint "name"',
  level: 'debug',
  label: 'right meow!',
  timestamp: '2023-01-22T11:41:12.677Z'
}
{
  level: 'info',
  message: 'What time is the testing at?',
  label: 'right meow!',
  timestamp: '2023-01-22T11:42:26.967Z'
}
{
  message: 'test1',
  level: 'debug',
  label: 'right meow!',
  timestamp: '2023-01-22T11:42:27.284Z'
}
{
  level: 'info',
  message: 'What time is the testing at?',
  label: 'right meow!',
  timestamp: '2023-01-22T11:47:42.891Z'
}
{
  message: 'test1',
  level: 'debug',
  label: 'right meow!',
  timestamp: '2023-01-22T11:47:43.270Z'
}
{
  level: 'info',
  message: 'What time is the testing at?',
  label: 'right meow!',
  timestamp: '2023-01-22T11:49:29.792Z'
}
{
  message: 'test1',
  level: 'debug',
  label: 'right meow!',
  timestamp: '2023-01-22T11:49:30.064Z'
}
{
  level: 'info',
  message: 'What time is the testing at?',
  label: 'right meow!',
  timestamp: '2023-01-22T11:51:12.589Z'
}
{
  message: 'test1',
  level: 'debug',
  label: 'right meow!',
  timestamp: '2023-01-22T11:51:12.902Z'
}
{
  level: 'info',
  message: 'What time is the testing at?',
  label: 'right meow!',
  timestamp: '2023-01-22T11:51:14.962Z'
}
{
  message: 'test1',
  level: 'debug',
  label: 'right meow!',
  timestamp: '2023-01-22T11:51:15.274Z'
}
{
  level: 'info',
  message: 'What time is the testing at?',
  label: 'right meow!',
  timestamp: '2023-01-22T11:51:33.191Z'
}
{
  message: 'test1',
  level: 'debug',
  label: 'right meow!',
  timestamp: '2023-01-22T11:51:33.479Z'
}
{
  level: 'info',
  message: 'What time is the testing at?',
  label: 'right meow!',
  timestamp: '2023-01-22T11:51:36.084Z'
}
{
  message: 'test1',
  level: 'debug',
  label: 'right meow!',
  timestamp: '2023-01-22T11:51:36.362Z'
}
{
  level: 'info',
  message: 'What time is the testing at?',
  label: 'right meow!',
  timestamp: '2023-01-22T11:51:42.518Z'
}
{
  message: 'test1',
  level: 'debug',
  label: 'right meow!',
  timestamp: '2023-01-22T11:51:42.839Z'
}
{
  level: 'info',
  message: 'What time is the testing at?',
  label: 'right meow!',
  timestamp: '2023-01-22T11:51:49.823Z'
}
{
  message: 'test1',
  level: 'debug',
  label: 'right meow!',
  timestamp: '2023-01-22T11:51:50.097Z'
}
{
  level: 'info',
  message: 'What time is the testing at?',
  label: 'right meow!',
  timestamp: '2023-01-22T11:51:56.583Z'
}
{
  message: 'test1',
  level: 'debug',
  label: 'right meow!',
  timestamp: '2023-01-22T11:51:56.883Z'
}
{
  level: 'info',
  message: 'What time is the testing at?',
  label: 'right meow!',
  timestamp: '2023-01-22T11:52:01.902Z'
}
{
  message: 'test1',
  level: 'debug',
  label: 'right meow!',
  timestamp: '2023-01-22T11:52:02.187Z'
}
{
  level: 'info',
  message: 'What time is the testing at?',
  label: 'right meow!',
  timestamp: '2023-01-22T11:52:03.923Z'
}
{
  message: 'test1',
  level: 'debug',
  label: 'right meow!',
  timestamp: '2023-01-22T11:52:04.218Z'
}
{
  level: 'info',
  message: 'What time is the testing at?',
  label: 'right meow!',
  timestamp: '2023-01-22T12:03:13.021Z'
}
{
  message: 'test1',
  level: 'debug',
  label: 'right meow!',
  timestamp: '2023-01-22T12:03:13.299Z'
}
{
  level: 'info',
  message: 'What time is the testing at?',
  label: 'right meow!',
  timestamp: '2023-01-22T12:03:15.608Z'
}
{
  message: 'test1',
  level: 'debug',
  label: 'right meow!',
  timestamp: '2023-01-22T12:03:15.892Z'
}
{
  level: 'info',
  message: 'What time is the testing at?',
  label: 'right meow!',
  timestamp: '2023-01-22T12:03:21.180Z'
}
{
  message: 'test1',
  level: 'debug',
  label: 'right meow!',
  timestamp: '2023-01-22T12:03:21.484Z'
}
{
  level: 'info',
  message: 'What time is the testing at?',
  label: 'right meow!',
  timestamp: '2023-01-22T12:03:28.449Z'
}
{
  message: 'test1',
  level: 'debug',
  label: 'right meow!',
  timestamp: '2023-01-22T12:03:28.738Z'
}
{
  level: 'info',
  message: 'What time is the testing at?',
  label: 'right meow!',
  timestamp: '2023-01-22T12:03:34.854Z'
}
{
  message: 'test1',
  level: 'debug',
  label: 'right meow!',
  timestamp: '2023-01-22T12:03:35.208Z'
}
{
  level: 'info',
  message: 'What time is the testing at?',
  label: 'right meow!',
  timestamp: '2023-01-22T12:03:52.706Z'
}
{
  message: 'test1',
  level: 'debug',
  label: 'right meow!',
  timestamp: '2023-01-22T12:03:53.020Z'
}
{
  level: 'info',
  message: 'What time is the testing at?',
  label: 'right meow!',
  timestamp: '2023-01-22T12:03:56.081Z'
}
{
  message: 'test1',
  level: 'debug',
  label: 'right meow!',
  timestamp: '2023-01-22T12:03:56.361Z'
}
{
  level: 'info',
  message: 'What time is the testing at?',
  label: 'right meow!',
  timestamp: '2023-01-22T12:03:58.778Z'
}
{
  message: 'test1',
  level: 'debug',
  label: 'right meow!',
  timestamp: '2023-01-22T12:03:59.075Z'
}
{
  level: 'info',
  message: 'What time is the testing at?',
  label: 'right meow!',
  timestamp: '2023-01-22T12:04:57.587Z'
}
{
  message: 'test1',
  level: 'debug',
  label: 'right meow!',
  timestamp: '2023-01-22T12:04:57.880Z'
}
{
  level: 'info',
  message: 'What time is the testing at?',
  label: 'right meow!',
  timestamp: '2023-01-22T12:05:00.060Z'
}
{
  message: 'test1',
  level: 'debug',
  label: 'right meow!',
  timestamp: '2023-01-22T12:05:00.346Z'
}
{
  level: 'info',
  message: 'What time is the testing at?',
  label: 'right meow!',
  timestamp: '2023-01-22T12:05:29.686Z'
}
{
  message: 'test1',
  level: 'debug',
  label: 'right meow!',
  timestamp: '2023-01-22T12:05:30.043Z'
}
{
  level: 'info',
  message: 'What time is the testing at?',
  label: 'right meow!',
  timestamp: '2023-01-22T12:05:54.312Z'
}
{
  message: 'test1',
  level: 'debug',
  label: 'right meow!',
  timestamp: '2023-01-22T12:05:54.649Z'
}
{
  level: 'info',
  message: 'What time is the testing at?',
  label: 'right meow!',
  timestamp: '2023-01-22T12:07:41.165Z'
}
{
  message: 'test1',
  level: 'debug',
  label: 'right meow!',
  timestamp: '2023-01-22T12:07:41.459Z'
}
{
  level: 'info',
  message: 'What time is the testing at?',
  label: 'right meow!',
  timestamp: '2023-01-22T12:07:57.048Z'
}
{
  message: 'test1',
  level: 'debug',
  label: 'right meow!',
  timestamp: '2023-01-22T12:07:57.358Z'
}
{
  level: 'info',
  message: 'What time is the testing at?',
  label: 'right meow!',
  timestamp: '2023-01-22T12:08:00.764Z'
}
{
  message: 'test1',
  level: 'debug',
  label: 'right meow!',
  timestamp: '2023-01-22T12:08:01.066Z'
}
{
  level: 'info',
  message: 'What time is the testing at?',
  label: 'right meow!',
  timestamp: '2023-01-22T12:09:41.721Z'
}
{
  message: 'test1',
  level: 'debug',
  label: 'right meow!',
  timestamp: '2023-01-22T12:09:42.005Z'
}
{
  level: 'info',
  message: 'What time is the testing at?',
  label: 'right meow!',
  timestamp: '2023-01-22T12:09:45.786Z'
}
{
  message: 'test1',
  level: 'debug',
  label: 'right meow!',
  timestamp: '2023-01-22T12:09:46.072Z'
}
{
  level: 'info',
  message: 'What time is the testing at?',
  label: 'right meow!',
  timestamp: '2023-01-22T12:09:48.617Z'
}
{
  message: 'test1',
  level: 'debug',
  label: 'right meow!',
  timestamp: '2023-01-22T12:09:48.900Z'
}
{
  level: 'info',
  message: 'What time is the testing at?',
  label: 'right meow!',
  timestamp: '2023-01-22T12:09:55.652Z'
}
{
  message: 'test1',
  level: 'debug',
  label: 'right meow!',
  timestamp: '2023-01-22T12:09:55.928Z'
}
{
  level: 'info',
  message: 'What time is the testing at?',
  label: 'right meow!',
  timestamp: '2023-01-22T12:10:00.427Z'
}
{
  message: 'test1',
  level: 'debug',
  label: 'right meow!',
  timestamp: '2023-01-22T12:10:00.712Z'
}
{
  level: 'info',
  message: 'What time is the testing at?',
  label: 'right meow!',
  timestamp: '2023-01-22T12:10:04.877Z'
}
{
  message: 'test1',
  level: 'debug',
  label: 'right meow!',
  timestamp: '2023-01-22T12:10:05.158Z'
}
{
  level: 'info',
  message: 'What time is the testing at?',
  label: 'right meow!',
  timestamp: '2023-01-22T12:10:06.270Z'
}
{
  message: 'test1',
  level: 'debug',
  label: 'right meow!',
  timestamp: '2023-01-22T12:10:06.550Z'
}
{
  level: 'info',
  message: 'What time is the testing at?',
  label: 'right meow!',
  timestamp: '2023-01-22T12:10:08.932Z'
}
{
  message: 'test1',
  level: 'debug',
  label: 'right meow!',
  timestamp: '2023-01-22T12:10:09.206Z'
}
{
  level: 'info',
  message: 'What time is the testing at?',
  label: 'right meow!',
  timestamp: '2023-01-22T12:10:11.662Z'
}
{
  message: 'test1',
  level: 'debug',
  label: 'right meow!',
  timestamp: '2023-01-22T12:10:11.953Z'
}
{
  level: 'info',
  message: 'What time is the testing at?',
  label: 'right meow!',
  timestamp: '2023-01-22T12:10:14.334Z'
}
{
  message: 'test1',
  level: 'debug',
  label: 'right meow!',
  timestamp: '2023-01-22T12:10:14.609Z'
}
{
  level: 'info',
  message: 'What time is the testing at?',
  label: 'right meow!',
  timestamp: '2023-01-22T12:10:16.344Z'
}
{
  message: 'test1',
  level: 'debug',
  label: 'right meow!',
  timestamp: '2023-01-22T12:10:16.668Z'
}
{
  level: 'info',
  message: 'What time is the testing at?',
  label: 'right meow!',
  timestamp: '2023-01-22T12:10:59.876Z'
}
{
  message: 'test1',
  level: 'debug',
  label: 'right meow!',
  timestamp: '2023-01-22T12:11:00.167Z'
}
{
  level: 'info',
  message: 'What time is the testing at?',
  label: 'right meow!',
  timestamp: '2023-01-22T12:11:00.948Z'
}
{
  message: 'test1',
  level: 'debug',
  label: 'right meow!',
  timestamp: '2023-01-22T12:11:01.267Z'
}
{
  level: 'info',
  message: 'What time is the testing at?',
  label: 'right meow!',
  timestamp: '2023-01-22T12:21:16.084Z'
}
{
  message: 'test1',
  level: 'debug',
  label: 'right meow!',
  timestamp: '2023-01-22T12:21:16.369Z'
}
{
  level: 'info',
  message: 'What time is the testing at?',
  label: 'right meow!',
  timestamp: '2023-01-22T12:21:17.778Z'
}
{
  message: 'test1',
  level: 'debug',
  label: 'right meow!',
  timestamp: '2023-01-22T12:21:18.051Z'
}
{
  level: 'info',
  message: 'What time is the testing at?',
  label: 'right meow!',
  timestamp: '2023-01-22T12:21:20.844Z'
}
{
  message: 'test1',
  level: 'debug',
  label: 'right meow!',
  timestamp: '2023-01-22T12:21:21.134Z'
}
{
  level: 'info',
  message: 'What time is the testing at?',
  label: 'right meow!',
  timestamp: '2023-01-22T12:21:22.558Z'
}
{
  message: 'test1',
  level: 'debug',
  label: 'right meow!',
  timestamp: '2023-01-22T12:21:22.843Z'
}
{
  level: 'info',
  message: 'What time is the testing at?',
  label: 'right meow!',
  timestamp: '2023-01-22T12:21:24.240Z'
}
{
  message: 'test1',
  level: 'debug',
  label: 'right meow!',
  timestamp: '2023-01-22T12:21:24.513Z'
}
{
  level: 'info',
  message: 'What time is the testing at?',
  label: 'right meow!',
  timestamp: '2023-01-22T12:21:26.770Z'
}
{
  message: 'test1',
  level: 'debug',
  label: 'right meow!',
  timestamp: '2023-01-22T12:21:27.068Z'
}
{
  level: 'info',
  message: 'What time is the testing at?',
  label: 'right meow!',
  timestamp: '2023-01-22T12:21:29.282Z'
}
{
  message: 'test1',
  level: 'debug',
  label: 'right meow!',
  timestamp: '2023-01-22T12:21:29.565Z'
}
{
  level: 'info',
  message: 'What time is the testing at?',
  label: 'right meow!',
  timestamp: '2023-01-22T12:21:31.082Z'
}
{
  message: 'test1',
  level: 'debug',
  label: 'right meow!',
  timestamp: '2023-01-22T12:21:31.439Z'
}
{
  level: 'info',
  message: 'What time is the testing at?',
  label: 'right meow!',
  timestamp: '2023-01-22T12:24:03.490Z'
}
{
  message: 'test1',
  level: 'debug',
  label: 'right meow!',
  timestamp: '2023-01-22T12:24:03.854Z'
}
{
  level: 'info',
  message: 'What time is the testing at?',
  label: 'right meow!',
  timestamp: '2023-01-22T12:24:22.378Z'
}
{
  message: 'test1',
  level: 'debug',
  label: 'right meow!',
  timestamp: '2023-01-22T12:24:22.689Z'
}
{
  level: 'info',
  message: 'What time is the testing at?',
  label: 'right meow!',
  timestamp: '2023-01-22T12:26:52.832Z'
}
{
  message: 'test1',
  level: 'debug',
  label: 'right meow!',
  timestamp: '2023-01-22T12:26:53.136Z'
}
{
  level: 'info',
  message: 'What time is the testing at?',
  label: 'right meow!',
  timestamp: '2023-01-22T12:29:00.955Z'
}
{
  message: 'test1',
  level: 'debug',
  label: 'right meow!',
  timestamp: '2023-01-22T12:29:01.266Z'
}
{
  level: 'info',
  message: 'What time is the testing at?',
  label: 'right meow!',
  timestamp: '2023-01-22T12:36:10.024Z'
}
{
  message: 'test1',
  level: 'debug',
  label: 'right meow!',
  timestamp: '2023-01-22T12:36:10.315Z'
}
{
  level: 'info',
  message: 'What time is the testing at?',
  label: 'right meow!',
  timestamp: '2023-01-22T12:36:11.821Z'
}
{
  message: 'test1',
  level: 'debug',
  label: 'right meow!',
  timestamp: '2023-01-22T12:36:12.097Z'
}
{
  level: 'info',
  message: 'What time is the testing at?',
  label: 'right meow!',
  timestamp: '2023-01-22T12:36:17.201Z'
}
{
  message: 'test1',
  level: 'debug',
  label: 'right meow!',
  timestamp: '2023-01-22T12:36:17.472Z'
}
{
  level: 'info',
  message: 'What time is the testing at?',
  label: 'right meow!',
  timestamp: '2023-01-22T12:36:22.694Z'
}
{
  message: 'test1',
  level: 'debug',
  label: 'right meow!',
  timestamp: '2023-01-22T12:36:22.973Z'
}
{
  level: 'info',
  message: 'What time is the testing at?',
  label: 'right meow!',
  timestamp: '2023-01-22T12:38:04.063Z'
}
{
  message: 'test1',
  level: 'debug',
  label: 'right meow!',
  timestamp: '2023-01-22T12:38:04.343Z'
}
{
  level: 'info',
  message: 'What time is the testing at?',
  label: 'right meow!',
  timestamp: '2023-01-22T12:38:06.595Z'
}
{
  message: 'test1',
  level: 'debug',
  label: 'right meow!',
  timestamp: '2023-01-22T12:38:06.864Z'
}
{
  level: 'info',
  message: 'What time is the testing at?',
  label: 'right meow!',
  timestamp: '2023-01-22T12:38:07.645Z'
}
{
  message: 'test1',
  level: 'debug',
  label: 'right meow!',
  timestamp: '2023-01-22T12:38:07.925Z'
}
{
  level: 'info',
  message: 'What time is the testing at?',
  label: 'right meow!',
  timestamp: '2023-01-22T12:38:09.411Z'
}
{
  message: 'test1',
  level: 'debug',
  label: 'right meow!',
  timestamp: '2023-01-22T12:38:09.712Z'
}
{
  level: 'info',
  message: 'What time is the testing at?',
  label: 'right meow!',
  timestamp: '2023-01-22T12:38:10.799Z'
}
{
  message: 'test1',
  level: 'debug',
  label: 'right meow!',
  timestamp: '2023-01-22T12:38:11.090Z'
}
{
  level: 'info',
  message: 'What time is the testing at?',
  label: 'right meow!',
  timestamp: '2023-01-22T12:38:24.352Z'
}
{
  message: 'test1',
  level: 'debug',
  label: 'right meow!',
  timestamp: '2023-01-22T12:38:24.656Z'
}
{
  level: 'info',
  message: 'What time is the testing at?',
  label: 'right meow!',
  timestamp: '2023-01-22T12:38:29.647Z'
}
{
  message: 'test1',
  level: 'debug',
  label: 'right meow!',
  timestamp: '2023-01-22T12:38:29.946Z'
}
{
  level: 'info',
  message: 'What time is the testing at?',
  label: 'right meow!',
  timestamp: '2023-01-22T12:38:39.819Z'
}
{
  message: 'test1',
  level: 'debug',
  label: 'right meow!',
  timestamp: '2023-01-22T12:38:40.106Z'
}
{
  level: 'info',
  message: 'What time is the testing at?',
  label: 'right meow!',
  timestamp: '2023-01-22T12:38:42.871Z'
}
{
  message: 'test1',
  level: 'debug',
  label: 'right meow!',
  timestamp: '2023-01-22T12:38:43.186Z'
}
{
  level: 'info',
  message: 'What time is the testing at?',
  label: 'right meow!',
  timestamp: '2023-01-22T12:38:45.389Z'
}
{
  message: 'test1',
  level: 'debug',
  label: 'right meow!',
  timestamp: '2023-01-22T12:38:45.720Z'
}
{
  level: 'info',
  message: 'What time is the testing at?',
  label: 'right meow!',
  timestamp: '2023-01-22T12:43:44.254Z'
}
{
  message: 'test1',
  level: 'debug',
  label: 'right meow!',
  timestamp: '2023-01-22T12:43:44.581Z'
}
{
  level: 'info',
  message: 'What time is the testing at?',
  label: 'right meow!',
  timestamp: '2023-01-22T12:43:51.129Z'
}
{
  message: 'test1',
  level: 'debug',
  label: 'right meow!',
  timestamp: '2023-01-22T12:43:51.493Z'
}
{
  level: 'info',
  message: 'What time is the testing at?',
  label: 'right meow!',
  timestamp: '2023-01-22T12:44:02.442Z'
}
{
  message: 'test1',
  level: 'debug',
  label: 'right meow!',
  timestamp: '2023-01-22T12:44:02.772Z'
}
{
  level: 'info',
  message: 'What time is the testing at?',
  label: 'right meow!',
  timestamp: '2023-01-22T12:52:36.402Z'
}
{
  message: 'test1',
  level: 'debug',
  label: 'right meow!',
  timestamp: '2023-01-22T12:52:36.739Z'
}
{
  level: 'info',
  message: 'What time is the testing at?',
  label: 'right meow!',
  timestamp: '2023-01-22T14:04:23.819Z'
}
{
  message: 'test1',
  level: 'debug',
  label: 'right meow!',
  timestamp: '2023-01-22T14:04:24.290Z'
}
{
  level: 'info',
  message: 'What time is the testing at?',
  label: 'right meow!',
  timestamp: '2023-01-22T14:04:33.990Z'
}
{
  message: 'test1',
  level: 'debug',
  label: 'right meow!',
  timestamp: '2023-01-22T14:04:34.360Z'
}
{
  level: 'info',
  message: 'What time is the testing at?',
  label: 'right meow!',
  timestamp: '2023-01-22T14:04:36.814Z'
}
{
  message: 'test1',
  level: 'debug',
  label: 'right meow!',
  timestamp: '2023-01-22T14:04:37.154Z'
}
{
  level: 'info',
  message: 'What time is the testing at?',
  label: 'right meow!',
  timestamp: '2023-01-22T14:04:38.550Z'
}
{
  message: 'test1',
  level: 'debug',
  label: 'right meow!',
  timestamp: '2023-01-22T14:04:38.898Z'
}
{
  level: 'info',
  message: 'What time is the testing at?',
  label: 'right meow!',
  timestamp: '2023-01-22T14:04:41.569Z'
}
{
  message: 'test1',
  level: 'debug',
  label: 'right meow!',
  timestamp: '2023-01-22T14:04:42.023Z'
}
{
  level: 'info',
  message: 'What time is the testing at?',
  label: 'right meow!',
  timestamp: '2023-01-22T14:05:02.957Z'
}
{
  message: 'test1',
  level: 'debug',
  label: 'right meow!',
  timestamp: '2023-01-22T14:05:03.334Z'
}
{
  level: 'info',
  message: 'What time is the testing at?',
  label: 'right meow!',
  timestamp: '2023-01-22T14:05:09.389Z'
}
{
  message: 'test1',
  level: 'debug',
  label: 'right meow!',
  timestamp: '2023-01-22T14:05:09.707Z'
}
{
  level: 'info',
  message: 'What time is the testing at?',
  label: 'right meow!',
  timestamp: '2023-01-22T14:05:14.963Z'
}
{
  message: 'test1',
  level: 'debug',
  label: 'right meow!',
  timestamp: '2023-01-22T14:05:15.297Z'
}
{
  level: 'info',
  message: 'What time is the testing at?',
  label: 'right meow!',
  timestamp: '2023-01-22T14:05:16.614Z'
}
{
  message: 'test1',
  level: 'debug',
  label: 'right meow!',
  timestamp: '2023-01-22T14:05:16.953Z'
}
{
  level: 'info',
  message: 'What time is the testing at?',
  label: 'right meow!',
  timestamp: '2023-01-22T14:05:18.449Z'
}
{
  message: 'test1',
  level: 'debug',
  label: 'right meow!',
  timestamp: '2023-01-22T14:05:18.754Z'
}
{
  level: 'info',
  message: 'What time is the testing at?',
  label: 'right meow!',
  timestamp: '2023-01-22T14:05:24.638Z'
}
{
  message: 'test1',
  level: 'debug',
  label: 'right meow!',
  timestamp: '2023-01-22T14:05:24.950Z'
}
{
  level: 'info',
  message: 'What time is the testing at?',
  label: 'right meow!',
  timestamp: '2023-01-22T14:05:44.878Z'
}
{
  message: 'test1',
  level: 'debug',
  label: 'right meow!',
  timestamp: '2023-01-22T14:05:45.271Z'
}
{
  level: 'info',
  message: 'What time is the testing at?',
  label: 'right meow!',
  timestamp: '2023-01-22T14:05:58.750Z'
}
{
  message: 'test1',
  level: 'debug',
  label: 'right meow!',
  timestamp: '2023-01-22T14:05:59.110Z'
}
{
  level: 'info',
  message: 'What time is the testing at?',
  label: 'right meow!',
  timestamp: '2023-01-22T14:06:07.217Z'
}
{
  message: 'test1',
  level: 'debug',
  label: 'right meow!',
  timestamp: '2023-01-22T14:06:07.742Z'
}
{
  level: 'info',
  message: 'What time is the testing at?',
  label: 'right meow!',
  timestamp: '2023-01-22T14:06:11.377Z'
}
{
  message: 'test1',
  level: 'debug',
  label: 'right meow!',
  timestamp: '2023-01-22T14:06:11.673Z'
}
{
  level: 'info',
  message: 'What time is the testing at?',
  label: 'right meow!',
  timestamp: '2023-01-22T14:07:00.945Z'
}
{
  message: 'test1',
  level: 'debug',
  label: 'right meow!',
  timestamp: '2023-01-22T14:07:01.261Z'
}
{
  level: 'info',
  message: 'What time is the testing at?',
  label: 'right meow!',
  timestamp: '2023-01-22T14:07:02.432Z'
}
{
  message: 'test1',
  level: 'debug',
  label: 'right meow!',
  timestamp: '2023-01-22T14:07:02.739Z'
}
{
  level: 'info',
  message: 'What time is the testing at?',
  label: 'right meow!',
  timestamp: '2023-01-22T14:07:06.561Z'
}
{
  message: 'test1',
  level: 'debug',
  label: 'right meow!',
  timestamp: '2023-01-22T14:07:06.900Z'
}
{
  level: 'info',
  message: 'What time is the testing at?',
  label: 'right meow!',
  timestamp: '2023-01-22T14:07:07.673Z'
}
{
  message: 'test1',
  level: 'debug',
  label: 'right meow!',
  timestamp: '2023-01-22T14:07:08.055Z'
}
{
  level: 'info',
  message: 'What time is the testing at?',
  label: 'right meow!',
  timestamp: '2023-01-22T14:07:09.693Z'
}
{
  message: 'test1',
  level: 'debug',
  label: 'right meow!',
  timestamp: '2023-01-22T14:07:10.024Z'
}
{
  level: 'info',
  message: 'What time is the testing at?',
  label: 'right meow!',
  timestamp: '2023-01-22T14:07:44.982Z'
}
{
  message: 'test1',
  level: 'debug',
  label: 'right meow!',
  timestamp: '2023-01-22T14:07:45.278Z'
}
{
  level: 'info',
  message: 'What time is the testing at?',
  label: 'right meow!',
  timestamp: '2023-01-22T14:07:51.835Z'
}
{
  message: 'test1',
  level: 'debug',
  label: 'right meow!',
  timestamp: '2023-01-22T14:07:52.141Z'
}
{
  level: 'info',
  message: 'What time is the testing at?',
  label: 'right meow!',
  timestamp: '2023-01-22T14:08:14.128Z'
}
{
  message: 'test1',
  level: 'debug',
  label: 'right meow!',
  timestamp: '2023-01-22T14:08:14.500Z'
}
{
  level: 'info',
  message: 'What time is the testing at?',
  label: 'right meow!',
  timestamp: '2023-01-22T14:08:15.600Z'
}
{
  message: 'test1',
  level: 'debug',
  label: 'right meow!',
  timestamp: '2023-01-22T14:08:15.900Z'
}
{
  level: 'info',
  message: 'What time is the testing at?',
  label: 'right meow!',
  timestamp: '2023-01-22T14:08:16.721Z'
}
{
  message: 'test1',
  level: 'debug',
  label: 'right meow!',
  timestamp: '2023-01-22T14:08:17.048Z'
}
{
  level: 'info',
  message: 'What time is the testing at?',
  label: 'right meow!',
  timestamp: '2023-01-22T14:08:18.494Z'
}
{
  message: 'test1',
  level: 'debug',
  label: 'right meow!',
  timestamp: '2023-01-22T14:08:18.871Z'
}
{
  level: 'info',
  message: 'What time is the testing at?',
  label: 'right meow!',
  timestamp: '2023-01-22T14:08:19.972Z'
}
{
  message: 'test1',
  level: 'debug',
  label: 'right meow!',
  timestamp: '2023-01-22T14:08:20.411Z'
}
{
  level: 'info',
  message: 'What time is the testing at?',
  label: 'right meow!',
  timestamp: '2023-01-22T14:08:27.031Z'
}
{
  message: 'test1',
  level: 'debug',
  label: 'right meow!',
  timestamp: '2023-01-22T14:08:27.366Z'
}
{
  level: 'info',
  message: 'What time is the testing at?',
  label: 'right meow!',
  timestamp: '2023-01-22T14:08:29.330Z'
}
{
  message: 'test1',
  level: 'debug',
  label: 'right meow!',
  timestamp: '2023-01-22T14:08:29.643Z'
}
{
  level: 'info',
  message: 'What time is the testing at?',
  label: 'right meow!',
  timestamp: '2023-01-22T14:08:31.359Z'
}
{
  message: 'test1',
  level: 'debug',
  label: 'right meow!',
  timestamp: '2023-01-22T14:08:31.684Z'
}
{
  level: 'info',
  message: 'What time is the testing at?',
  label: 'right meow!',
  timestamp: '2023-01-22T14:08:34.304Z'
}
{
  message: 'test1',
  level: 'debug',
  label: 'right meow!',
  timestamp: '2023-01-22T14:08:34.677Z'
}
{
  level: 'info',
  message: 'What time is the testing at?',
  label: 'right meow!',
  timestamp: '2023-01-22T14:08:52.153Z'
}
{
  message: 'test1',
  level: 'debug',
  label: 'right meow!',
  timestamp: '2023-01-22T14:08:52.470Z'
}
{
  level: 'info',
  message: 'What time is the testing at?',
  label: 'right meow!',
  timestamp: '2023-01-22T14:09:01.606Z'
}
{
  message: 'test1',
  level: 'debug',
  label: 'right meow!',
  timestamp: '2023-01-22T14:09:02.106Z'
}
{
  level: 'info',
  message: 'What time is the testing at?',
  label: 'right meow!',
  timestamp: '2023-01-22T14:09:09.114Z'
}
{
  message: 'test1',
  level: 'debug',
  label: 'right meow!',
  timestamp: '2023-01-22T14:09:09.618Z'
}
{
  level: 'info',
  message: 'What time is the testing at?',
  label: 'right meow!',
  timestamp: '2023-01-22T14:13:37.344Z'
}
{
  message: 'test1',
  level: 'debug',
  label: 'right meow!',
  timestamp: '2023-01-22T14:13:37.665Z'
}
{
  level: 'info',
  message: 'What time is the testing at?',
  label: 'right meow!',
  timestamp: '2023-01-22T14:13:39.390Z'
}
{
  message: 'test1',
  level: 'debug',
  label: 'right meow!',
  timestamp: '2023-01-22T14:13:39.703Z'
}
{
  level: 'info',
  message: 'What time is the testing at?',
  label: 'right meow!',
  timestamp: '2023-01-22T14:13:57.364Z'
}
{
  message: 'test1',
  level: 'debug',
  label: 'right meow!',
  timestamp: '2023-01-22T14:13:57.676Z'
}
{
  level: 'info',
  message: 'What time is the testing at?',
  label: 'right meow!',
  timestamp: '2023-01-22T14:13:58.385Z'
}
{
  message: 'test1',
  level: 'debug',
  label: 'right meow!',
  timestamp: '2023-01-22T14:13:58.731Z'
}
{
  level: 'info',
  message: 'What time is the testing at?',
  label: 'right meow!',
  timestamp: '2023-01-22T14:13:59.835Z'
}
{
  message: 'test1',
  level: 'debug',
  label: 'right meow!',
  timestamp: '2023-01-22T14:14:00.173Z'
}
{
  level: 'info',
  message: 'What time is the testing at?',
  label: 'right meow!',
  timestamp: '2023-01-22T14:15:29.615Z'
}
{
  message: 'test1',
  level: 'debug',
  label: 'right meow!',
  timestamp: '2023-01-22T14:15:30.027Z'
}
{
  level: 'info',
  message: 'What time is the testing at?',
  label: 'right meow!',
  timestamp: '2023-01-22T14:15:30.849Z'
}
{
  message: 'test1',
  level: 'debug',
  label: 'right meow!',
  timestamp: '2023-01-22T14:15:31.243Z'
}
{
  level: 'info',
  message: 'What time is the testing at?',
  label: 'right meow!',
  timestamp: '2023-01-22T14:15:33.965Z'
}
{
  message: 'test1',
  level: 'debug',
  label: 'right meow!',
  timestamp: '2023-01-22T14:15:34.313Z'
}
{
  level: 'info',
  message: 'What time is the testing at?',
  label: 'right meow!',
  timestamp: '2023-01-22T14:15:35.170Z'
}
{
  message: 'test1',
  level: 'debug',
  label: 'right meow!',
  timestamp: '2023-01-22T14:15:35.514Z'
}
{
  level: 'info',
  message: 'What time is the testing at?',
  label: 'right meow!',
  timestamp: '2023-01-22T14:15:38.077Z'
}
{
  message: 'test1',
  level: 'debug',
  label: 'right meow!',
  timestamp: '2023-01-22T14:15:38.435Z'
}
{
  level: 'info',
  message: 'What time is the testing at?',
  label: 'right meow!',
  timestamp: '2023-01-22T14:15:41.010Z'
}
{
  message: 'test1',
  level: 'debug',
  label: 'right meow!',
  timestamp: '2023-01-22T14:15:41.461Z'
}
{
  level: 'info',
  message: 'What time is the testing at?',
  label: 'right meow!',
  timestamp: '2023-01-22T14:15:51.349Z'
}
{
  message: 'test1',
  level: 'debug',
  label: 'right meow!',
  timestamp: '2023-01-22T14:15:51.737Z'
}
{
  level: 'info',
  message: 'What time is the testing at?',
  label: 'right meow!',
  timestamp: '2023-01-22T14:16:01.455Z'
}
{
  message: 'test1',
  level: 'debug',
  label: 'right meow!',
  timestamp: '2023-01-22T14:16:01.795Z'
}
{
  level: 'info',
  message: 'What time is the testing at?',
  label: 'right meow!',
  timestamp: '2023-01-22T14:16:08.494Z'
}
{
  message: 'test1',
  level: 'debug',
  label: 'right meow!',
  timestamp: '2023-01-22T14:16:08.898Z'
}
{
  level: 'info',
  message: 'What time is the testing at?',
  label: 'right meow!',
  timestamp: '2023-01-22T14:16:15.490Z'
}
{
  message: 'test1',
  level: 'debug',
  label: 'right meow!',
  timestamp: '2023-01-22T14:16:15.922Z'
}
{
  level: 'info',
  message: 'What time is the testing at?',
  label: 'right meow!',
  timestamp: '2023-01-22T14:16:18.434Z'
}
{
  message: 'test1',
  level: 'debug',
  label: 'right meow!',
  timestamp: '2023-01-22T14:16:18.796Z'
}
{
  level: 'info',
  message: 'What time is the testing at?',
  label: 'right meow!',
  timestamp: '2023-01-22T14:16:31.414Z'
}
{
  message: 'test1',
  level: 'debug',
  label: 'right meow!',
  timestamp: '2023-01-22T14:16:31.745Z'
}
{
  level: 'info',
  message: 'What time is the testing at?',
  label: 'right meow!',
  timestamp: '2023-01-22T14:17:24.516Z'
}
{
  message: 'test1',
  level: 'debug',
  label: 'right meow!',
  timestamp: '2023-01-22T14:17:24.944Z'
}
{
  level: 'info',
  message: 'What time is the testing at?',
  label: 'right meow!',
  timestamp: '2023-01-22T14:17:38.905Z'
}
{
  message: 'test1',
  level: 'debug',
  label: 'right meow!',
  timestamp: '2023-01-22T14:17:39.300Z'
}
{
  level: 'info',
  message: 'What time is the testing at?',
  label: 'right meow!',
  timestamp: '2023-01-22T14:17:41.628Z'
}
{
  message: 'test1',
  level: 'debug',
  label: 'right meow!',
  timestamp: '2023-01-22T14:17:42.046Z'
}
{
  level: 'info',
  message: 'What time is the testing at?',
  label: 'right meow!',
  timestamp: '2023-01-22T14:17:43.036Z'
}
{
  message: 'test1',
  level: 'debug',
  label: 'right meow!',
  timestamp: '2023-01-22T14:17:43.427Z'
}
{
  level: 'info',
  message: 'What time is the testing at?',
  label: 'right meow!',
  timestamp: '2023-01-22T14:17:46.455Z'
}
{
  message: 'test1',
  level: 'debug',
  label: 'right meow!',
  timestamp: '2023-01-22T14:17:46.819Z'
}
{
  message: 'URL LOG ------------- /',
  level: 'debug',
  label: 'right meow!',
  timestamp: '2023-01-22T14:18:50.079Z'
}
{
  message: 'URL LOG ------------- /script.js',
  level: 'debug',
  label: 'right meow!',
  timestamp: '2023-01-22T14:18:50.118Z'
}
{
  message: 'URL LOG ------------- /favicon.ico',
  level: 'debug',
  label: 'right meow!',
  timestamp: '2023-01-22T14:18:50.182Z'
}
{
  message: 'URL LOG ------------- /',
  level: 'debug',
  label: 'right meow!',
  timestamp: '2023-01-22T14:19:05.206Z'
}
{
  message: 'URL LOG ------------- /script.js',
  level: 'debug',
  label: 'right meow!',
  timestamp: '2023-01-22T14:19:05.219Z'
}
{
  message: 'URL LOG ------------- /',
  level: 'debug',
  label: 'right meow!',
  timestamp: '2023-01-22T14:19:35.316Z'
}
{
  message: 'URL LOG ------------- /script.js',
  level: 'debug',
  label: 'right meow!',
  timestamp: '2023-01-22T14:19:35.329Z'
}
{
  message: 'URL LOG ------------- /',
  level: 'debug',
  label: 'right meow!',
  timestamp: '2023-01-22T14:19:42.162Z'
}
{
  message: 'URL LOG ------------- /script.js',
  level: 'debug',
  label: 'right meow!',
  timestamp: '2023-01-22T14:19:42.174Z'
}
{
  message: 'URL LOG ------------- /',
  level: 'debug',
  label: 'right meow!',
  timestamp: '2023-01-22T14:19:42.640Z'
}
{
  message: 'URL LOG ------------- /script.js',
  level: 'debug',
  label: 'right meow!',
  timestamp: '2023-01-22T14:19:42.653Z'
}
{
  message: 'URL LOG ------------- /',
  level: 'debug',
  label: 'right meow!',
  timestamp: '2023-01-22T14:19:42.881Z'
}
{
  message: 'URL LOG ------------- /script.js',
  level: 'debug',
  label: 'right meow!',
  timestamp: '2023-01-22T14:19:42.892Z'
}
{
  message: 'URL LOG ------------- /',
  level: 'debug',
  label: 'right meow!',
  timestamp: '2023-01-22T14:19:48.903Z'
}
{
  message: 'URL LOG ------------- /script.js',
  level: 'debug',
  label: 'right meow!',
  timestamp: '2023-01-22T14:19:48.930Z'
}
{
  message: 'URL LOG ------------- /test',
  level: 'debug',
  label: 'right meow!',
  timestamp: '2023-01-22T14:19:52.408Z'
}
{
  message: 'URL LOG ------------- /test/1',
  level: 'debug',
  label: 'right meow!',
  timestamp: '2023-01-22T14:20:00.898Z'
}
{
  level: 'info',
  message: 'What time is the testing at?',
  label: 'right meow!',
  timestamp: '2023-01-22T14:21:06.128Z'
}
{
  message: 'test1',
  level: 'debug',
  label: 'right meow!',
  timestamp: '2023-01-22T14:21:06.513Z'
}
{
  level: 'info',
  message: 'What time is the testing at?',
  label: 'right meow!',
  timestamp: '2023-01-22T14:22:17.898Z'
}
{
  message: 'test1',
  level: 'debug',
  label: 'right meow!',
  timestamp: '2023-01-22T14:22:18.351Z'
}
{
  level: 'info',
  message: 'What time is the testing at?',
  label: 'right meow!',
  timestamp: '2023-01-22T14:22:57.205Z'
}
{
  message: 'test1',
  level: 'debug',
  label: 'right meow!',
  timestamp: '2023-01-22T14:22:57.601Z'
}
{
  level: 'info',
  message: 'What time is the testing at?',
  label: 'right meow!',
  timestamp: '2023-01-22T14:23:39.340Z'
}
{
  message: 'test1',
  level: 'debug',
  label: 'right meow!',
  timestamp: '2023-01-22T14:23:39.715Z'
}
{
  level: 'info',
  message: 'What time is the testing at?',
  label: 'right meow!',
  timestamp: '2023-01-22T14:23:45.698Z'
}
{
  message: 'test1',
  level: 'debug',
  label: 'right meow!',
  timestamp: '2023-01-22T14:23:46.071Z'
}
{
  message: '[test router][router.get] parameter :id = 1',
  level: 'debug',
  label: 'right meow!',
  timestamp: '2023-01-22T14:23:55.689Z'
}
{
  level: 'info',
  message: 'What time is the testing at?',
  label: 'right meow!',
  timestamp: '2023-01-22T14:24:23.778Z'
}
{
  message: 'test1',
  level: 'debug',
  label: 'right meow!',
  timestamp: '2023-01-22T14:24:24.137Z'
}
{
  level: 'info',
  message: 'What time is the testing at?',
  label: 'right meow!',
  timestamp: '2023-01-22T14:24:24.993Z'
}
{
  message: 'test1',
  level: 'debug',
  label: 'right meow!',
  timestamp: '2023-01-22T14:24:25.350Z'
}
{
  level: 'info',
  message: 'What time is the testing at?',
  label: 'right meow!',
  timestamp: '2023-01-22T14:24:36.775Z'
}
{
  message: 'test1',
  level: 'debug',
  label: 'right meow!',
  timestamp: '2023-01-22T14:24:37.150Z'
}
{
  level: 'info',
  message: 'What time is the testing at?',
  label: 'right meow!',
  timestamp: '2023-01-22T14:24:38.269Z'
}
{
  message: 'test1',
  level: 'debug',
  label: 'right meow!',
  timestamp: '2023-01-22T14:24:38.689Z'
}
{
  level: 'info',
  message: 'What time is the testing at?',
  label: 'right meow!',
  timestamp: '2023-01-22T14:45:07.236Z'
}
{
  message: 'test1',
  level: 'debug',
  label: 'right meow!',
  timestamp: '2023-01-22T14:45:07.668Z'
}
{
  level: 'info',
  message: 'What time is the testing at?',
  label: 'right meow!',
  timestamp: '2023-01-22T14:45:09.313Z'
}
{
  message: 'test1',
  level: 'debug',
  label: 'right meow!',
  timestamp: '2023-01-22T14:45:09.762Z'
}
{
  level: 'info',
  message: 'What time is the testing at?',
  label: 'right meow!',
  timestamp: '2023-01-22T14:46:38.964Z'
}
{
  message: 'test1',
  level: 'debug',
  label: 'right meow!',
  timestamp: '2023-01-22T14:46:39.363Z'
}
{
  message: 'URL LOG ------------- /favicon.ico',
  level: 'debug',
  label: 'right meow!',
  timestamp: '2023-01-22T14:46:55.226Z'
}
{
  message: 'URL LOG ------------- /test/1',
  level: 'debug',
  label: 'right meow!',
  timestamp: '2023-01-22T14:47:05.731Z'
}
{
  message: '[test router][router.get] parameter :id = 1',
  level: 'debug',
  label: 'right meow!',
  timestamp: '2023-01-22T14:47:05.845Z'
}
